[2017-06-20 09:43:57] local.ERROR: exception 'Symfony\Component\Debug\Exception\FatalErrorException' with message 'Cannot use YiZan\Services\ActivityService as ActivityService because the name is already in use' in D:\phpStudy\WWW\o2o\app\Services\Buyer\ShoppingService.php:10
Stack trace:
#0 {main}  
[2017-06-20 09:43:57] local.ERROR: exception 'Symfony\Component\Debug\Exception\FatalErrorException' with message 'Cannot use YiZan\Services\ActivityService as ActivityService because the name is already in use' in D:\phpStudy\WWW\o2o\app\Services\Buyer\ShoppingService.php:10
Stack trace:
#0 {main}  
[2017-06-20 10:05:03] local.ERROR: exception 'PDOException' with message 'SQLSTATE[42S02]: Base table or view not found: 1146 Table 'o2o.yz_user_tag' doesn't exist' in D:\phpStudy\WWW\o2o\vendor\laravel\framework\src\Illuminate\Database\Connection.php:292
Stack trace:
#0 D:\phpStudy\WWW\o2o\vendor\laravel\framework\src\Illuminate\Database\Connection.php(292): PDO->prepare('select * from `...')
#1 D:\phpStudy\WWW\o2o\vendor\laravel\framework\src\Illuminate\Database\Connection.php(616): Illuminate\Database\Connection->Illuminate\Database\{closure}(Object(Illuminate\Database\MySqlConnection), 'select * from `...', Array)
#2 D:\phpStudy\WWW\o2o\vendor\laravel\framework\src\Illuminate\Database\Connection.php(580): Illuminate\Database\Connection->runQueryCallback('select * from `...', Array, Object(Closure))
#3 D:\phpStudy\WWW\o2o\vendor\laravel\framework\src\Illuminate\Database\Connection.php(297): Illuminate\Database\Connection->run('select * from `...', Array, Object(Closure))
#4 D:\phpStudy\WWW\o2o\vendor\laravel\framework\src\Illuminate\Database\Query\Builder.php(1377): Illuminate\Database\Connection->select('select * from `...', Array, true)
#5 D:\phpStudy\WWW\o2o\vendor\laravel\framework\src\Illuminate\Database\Query\Builder.php(1367): Illuminate\Database\Query\Builder->runSelect()
#6 D:\phpStudy\WWW\o2o\vendor\laravel\framework\src\Illuminate\Database\Query\Builder.php(1354): Illuminate\Database\Query\Builder->getFresh(Array)
#7 D:\phpStudy\WWW\o2o\vendor\laravel\framework\src\Illuminate\Database\Eloquent\Builder.php(380): Illuminate\Database\Query\Builder->get(Array)
#8 D:\phpStudy\WWW\o2o\vendor\laravel\framework\src\Illuminate\Database\Eloquent\Builder.php(162): Illuminate\Database\Eloquent\Builder->getModels(Array)
#9 D:\phpStudy\WWW\o2o\app\Services\UserTagService.php(31): Illuminate\Database\Eloquent\Builder->get()
#10 D:\phpStudy\WWW\o2o\app\Http\Controllers\Api\System\V1\UserTagController.php(16): YiZan\Services\UserTagService::getList(NULL, NULL)
#11 D:\phpStudy\WWW\o2o\app\Http\Controllers\YiZanViewController.php(209): YiZan\Http\Controllers\Api\System\UserTagController->lists()
#12 D:\phpStudy\WWW\o2o\app\Http\Controllers\YiZanViewController.php(138): YiZan\Http\Controllers\YiZanViewController->localRequest('userTag.lists', Array)
#13 D:\phpStudy\WWW\o2o\app\Http\Controllers\Admin\BaseController.php(70): YiZan\Http\Controllers\YiZanViewController->requestApi('userTag.lists', Array, Array)
#14 D:\phpStudy\WWW\o2o\app\Http\Controllers\Admin\UserTagController.php(14): YiZan\Http\Controllers\Admin\BaseController->requestApi('userTag.lists', Array)
#15 [internal function]: YiZan\Http\Controllers\Admin\UserTagController->index()
#16 D:\phpStudy\WWW\o2o\vendor\laravel\framework\src\Illuminate\Routing\Controller.php(246): call_user_func_array(Array, Array)
#17 D:\phpStudy\WWW\o2o\vendor\laravel\framework\src\Illuminate\Routing\ControllerDispatcher.php(162): Illuminate\Routing\Controller->callAction('index', Array)
#18 D:\phpStudy\WWW\o2o\vendor\laravel\framework\src\Illuminate\Routing\ControllerDispatcher.php(107): Illuminate\Routing\ControllerDispatcher->call(Object(YiZan\Http\Controllers\Admin\UserTagController), Object(Illuminate\Routing\Route), 'index')
#19 [internal function]: Illuminate\Routing\ControllerDispatcher->Illuminate\Routing\{closure}(Object(Illuminate\Http\Request))
#20 D:\phpStudy\WWW\o2o\vendor\laravel\framework\src\Illuminate\Pipeline\Pipeline.php(141): call_user_func(Object(Closure), Object(Illuminate\Http\Request))
#21 [internal function]: Illuminate\Pipeline\Pipeline->Illuminate\Pipeline\{closure}(Object(Illuminate\Http\Request))
#22 D:\phpStudy\WWW\o2o\vendor\laravel\framework\src\Illuminate\Pipeline\Pipeline.php(101): call_user_func(Object(Closure), Object(Illuminate\Http\Request))
#23 D:\phpStudy\WWW\o2o\vendor\laravel\framework\src\Illuminate\Routing\ControllerDispatcher.php(108): Illuminate\Pipeline\Pipeline->then(Object(Closure))
#24 D:\phpStudy\WWW\o2o\vendor\laravel\framework\src\Illuminate\Routing\ControllerDispatcher.php(67): Illuminate\Routing\ControllerDispatcher->callWithinStack(Object(YiZan\Http\Controllers\Admin\UserTagController), Object(Illuminate\Routing\Route), Object(Illuminate\Http\Request), 'index')
#25 D:\phpStudy\WWW\o2o\vendor\laravel\framework\src\Illuminate\Routing\Route.php(204): Illuminate\Routing\ControllerDispatcher->dispatch(Object(Illuminate\Routing\Route), Object(Illuminate\Http\Request), 'YiZan\\Http\\Cont...', 'index')
#26 D:\phpStudy\WWW\o2o\vendor\laravel\framework\src\Illuminate\Routing\Route.php(134): Illuminate\Routing\Route->runWithCustomDispatcher(Object(Illuminate\Http\Request))
#27 D:\phpStudy\WWW\o2o\vendor\laravel\framework\src\Illuminate\Routing\Router.php(701): Illuminate\Routing\Route->run(Object(Illuminate\Http\Request))
#28 [internal function]: Illuminate\Routing\Router->Illuminate\Routing\{closure}(Object(Illuminate\Http\Request))
#29 D:\phpStudy\WWW\o2o\vendor\laravel\framework\src\Illuminate\Pipeline\Pipeline.php(141): call_user_func(Object(Closure), Object(Illuminate\Http\Request))
#30 [internal function]: Illuminate\Pipeline\Pipeline->Illuminate\Pipeline\{closure}(Object(Illuminate\Http\Request))
#31 D:\phpStudy\WWW\o2o\vendor\laravel\framework\src\Illuminate\Pipeline\Pipeline.php(101): call_user_func(Object(Closure), Object(Illuminate\Http\Request))
#32 D:\phpStudy\WWW\o2o\vendor\laravel\framework\src\Illuminate\Routing\Router.php(703): Illuminate\Pipeline\Pipeline->then(Object(Closure))
#33 D:\phpStudy\WWW\o2o\vendor\laravel\framework\src\Illuminate\Routing\Router.php(670): Illuminate\Routing\Router->runRouteWithinStack(Object(Illuminate\Routing\Route), Object(Illuminate\Http\Request))
#34 D:\phpStudy\WWW\o2o\vendor\laravel\framework\src\Illuminate\Routing\Router.php(628): Illuminate\Routing\Router->dispatchToRoute(Object(Illuminate\Http\Request))
#35 D:\phpStudy\WWW\o2o\vendor\laravel\framework\src\Illuminate\Foundation\Http\Kernel.php(214): Illuminate\Routing\Router->dispatch(Object(Illuminate\Http\Request))
#36 [internal function]: Illuminate\Foundation\Http\Kernel->Illuminate\Foundation\Http\{closure}(Object(Illuminate\Http\Request))
#37 D:\phpStudy\WWW\o2o\vendor\laravel\framework\src\Illuminate\Pipeline\Pipeline.php(141): call_user_func(Object(Closure), Object(Illuminate\Http\Request))
#38 D:\phpStudy\WWW\o2o\vendor\laravel\framework\src\Illuminate\View\Middleware\ShareErrorsFromSession.php(55): Illuminate\Pipeline\Pipeline->Illuminate\Pipeline\{closure}(Object(Illuminate\Http\Request))
#39 D:\phpStudy\WWW\o2o\vendor\laravel\framework\src\Illuminate\Pipeline\Pipeline.php(125): Illuminate\View\Middleware\ShareErrorsFromSession->handle(Object(Illuminate\Http\Request), Object(Closure))
#40 D:\phpStudy\WWW\o2o\vendor\laravel\framework\src\Illuminate\Session\Middleware\StartSession.php(61): Illuminate\Pipeline\Pipeline->Illuminate\Pipeline\{closure}(Object(Illuminate\Http\Request))
#41 D:\phpStudy\WWW\o2o\vendor\laravel\framework\src\Illuminate\Pipeline\Pipeline.php(125): Illuminate\Session\Middleware\StartSession->handle(Object(Illuminate\Http\Request), Object(Closure))
#42 D:\phpStudy\WWW\o2o\vendor\laravel\framework\src\Illuminate\Cookie\Middleware\AddQueuedCookiesToResponse.php(36): Illuminate\Pipeline\Pipeline->Illuminate\Pipeline\{closure}(Object(Illuminate\Http\Request))
#43 D:\phpStudy\WWW\o2o\vendor\laravel\framework\src\Illuminate\Pipeline\Pipeline.php(125): Illuminate\Cookie\Middleware\AddQueuedCookiesToResponse->handle(Object(Illuminate\Http\Request), Object(Closure))
#44 D:\phpStudy\WWW\o2o\vendor\laravel\framework\src\Illuminate\Cookie\Middleware\EncryptCookies.php(40): Illuminate\Pipeline\Pipeline->Illuminate\Pipeline\{closure}(Object(Illuminate\Http\Request))
#45 D:\phpStudy\WWW\o2o\vendor\laravel\framework\src\Illuminate\Pipeline\Pipeline.php(125): Illuminate\Cookie\Middleware\EncryptCookies->handle(Object(Illuminate\Http\Request), Object(Closure))
#46 D:\phpStudy\WWW\o2o\vendor\laravel\framework\src\Illuminate\Foundation\Http\Middleware\CheckForMaintenanceMode.php(42): Illuminate\Pipeline\Pipeline->Illuminate\Pipeline\{closure}(Object(Illuminate\Http\Request))
#47 D:\phpStudy\WWW\o2o\vendor\laravel\framework\src\Illuminate\Pipeline\Pipeline.php(125): Illuminate\Foundation\Http\Middleware\CheckForMaintenanceMode->handle(Object(Illuminate\Http\Request), Object(Closure))
#48 [internal function]: Illuminate\Pipeline\Pipeline->Illuminate\Pipeline\{closure}(Object(Illuminate\Http\Request))
#49 D:\phpStudy\WWW\o2o\vendor\laravel\framework\src\Illuminate\Pipeline\Pipeline.php(101): call_user_func(Object(Closure), Object(Illuminate\Http\Request))
#50 D:\phpStudy\WWW\o2o\vendor\laravel\framework\src\Illuminate\Foundation\Http\Kernel.php(115): Illuminate\Pipeline\Pipeline->then(Object(Closure))
#51 D:\phpStudy\WWW\o2o\vendor\laravel\framework\src\Illuminate\Foundation\Http\Kernel.php(84): Illuminate\Foundation\Http\Kernel->sendRequestThroughRouter(Object(Illuminate\Http\Request))
#52 D:\phpStudy\WWW\o2o\public\index.php(53): Illuminate\Foundation\Http\Kernel->handle(Object(Illuminate\Http\Request))
#53 {main}

Next exception 'Illuminate\Database\QueryException' with message 'SQLSTATE[42S02]: Base table or view not found: 1146 Table 'o2o.yz_user_tag' doesn't exist (SQL: select * from `yz_user_tag` order by `sort` asc, `id` desc)' in D:\phpStudy\WWW\o2o\vendor\laravel\framework\src\Illuminate\Database\Connection.php:624
Stack trace:
#0 D:\phpStudy\WWW\o2o\vendor\laravel\framework\src\Illuminate\Database\Connection.php(580): Illuminate\Database\Connection->runQueryCallback('select * from `...', Array, Object(Closure))
#1 D:\phpStudy\WWW\o2o\vendor\laravel\framework\src\Illuminate\Database\Connection.php(297): Illuminate\Database\Connection->run('select * from `...', Array, Object(Closure))
#2 D:\phpStudy\WWW\o2o\vendor\laravel\framework\src\Illuminate\Database\Query\Builder.php(1377): Illuminate\Database\Connection->select('select * from `...', Array, true)
#3 D:\phpStudy\WWW\o2o\vendor\laravel\framework\src\Illuminate\Database\Query\Builder.php(1367): Illuminate\Database\Query\Builder->runSelect()
#4 D:\phpStudy\WWW\o2o\vendor\laravel\framework\src\Illuminate\Database\Query\Builder.php(1354): Illuminate\Database\Query\Builder->getFresh(Array)
#5 D:\phpStudy\WWW\o2o\vendor\laravel\framework\src\Illuminate\Database\Eloquent\Builder.php(380): Illuminate\Database\Query\Builder->get(Array)
#6 D:\phpStudy\WWW\o2o\vendor\laravel\framework\src\Illuminate\Database\Eloquent\Builder.php(162): Illuminate\Database\Eloquent\Builder->getModels(Array)
#7 D:\phpStudy\WWW\o2o\app\Services\UserTagService.php(31): Illuminate\Database\Eloquent\Builder->get()
#8 D:\phpStudy\WWW\o2o\app\Http\Controllers\Api\System\V1\UserTagController.php(16): YiZan\Services\UserTagService::getList(NULL, NULL)
#9 D:\phpStudy\WWW\o2o\app\Http\Controllers\YiZanViewController.php(209): YiZan\Http\Controllers\Api\System\UserTagController->lists()
#10 D:\phpStudy\WWW\o2o\app\Http\Controllers\YiZanViewController.php(138): YiZan\Http\Controllers\YiZanViewController->localRequest('userTag.lists', Array)
#11 D:\phpStudy\WWW\o2o\app\Http\Controllers\Admin\BaseController.php(70): YiZan\Http\Controllers\YiZanViewController->requestApi('userTag.lists', Array, Array)
#12 D:\phpStudy\WWW\o2o\app\Http\Controllers\Admin\UserTagController.php(14): YiZan\Http\Controllers\Admin\BaseController->requestApi('userTag.lists', Array)
#13 [internal function]: YiZan\Http\Controllers\Admin\UserTagController->index()
#14 D:\phpStudy\WWW\o2o\vendor\laravel\framework\src\Illuminate\Routing\Controller.php(246): call_user_func_array(Array, Array)
#15 D:\phpStudy\WWW\o2o\vendor\laravel\framework\src\Illuminate\Routing\ControllerDispatcher.php(162): Illuminate\Routing\Controller->callAction('index', Array)
#16 D:\phpStudy\WWW\o2o\vendor\laravel\framework\src\Illuminate\Routing\ControllerDispatcher.php(107): Illuminate\Routing\ControllerDispatcher->call(Object(YiZan\Http\Controllers\Admin\UserTagController), Object(Illuminate\Routing\Route), 'index')
#17 [internal function]: Illuminate\Routing\ControllerDispatcher->Illuminate\Routing\{closure}(Object(Illuminate\Http\Request))
#18 D:\phpStudy\WWW\o2o\vendor\laravel\framework\src\Illuminate\Pipeline\Pipeline.php(141): call_user_func(Object(Closure), Object(Illuminate\Http\Request))
#19 [internal function]: Illuminate\Pipeline\Pipeline->Illuminate\Pipeline\{closure}(Object(Illuminate\Http\Request))
#20 D:\phpStudy\WWW\o2o\vendor\laravel\framework\src\Illuminate\Pipeline\Pipeline.php(101): call_user_func(Object(Closure), Object(Illuminate\Http\Request))
#21 D:\phpStudy\WWW\o2o\vendor\laravel\framework\src\Illuminate\Routing\ControllerDispatcher.php(108): Illuminate\Pipeline\Pipeline->then(Object(Closure))
#22 D:\phpStudy\WWW\o2o\vendor\laravel\framework\src\Illuminate\Routing\ControllerDispatcher.php(67): Illuminate\Routing\ControllerDispatcher->callWithinStack(Object(YiZan\Http\Controllers\Admin\UserTagController), Object(Illuminate\Routing\Route), Object(Illuminate\Http\Request), 'index')
#23 D:\phpStudy\WWW\o2o\vendor\laravel\framework\src\Illuminate\Routing\Route.php(204): Illuminate\Routing\ControllerDispatcher->dispatch(Object(Illuminate\Routing\Route), Object(Illuminate\Http\Request), 'YiZan\\Http\\Cont...', 'index')
#24 D:\phpStudy\WWW\o2o\vendor\laravel\framework\src\Illuminate\Routing\Route.php(134): Illuminate\Routing\Route->runWithCustomDispatcher(Object(Illuminate\Http\Request))
#25 D:\phpStudy\WWW\o2o\vendor\laravel\framework\src\Illuminate\Routing\Router.php(701): Illuminate\Routing\Route->run(Object(Illuminate\Http\Request))
#26 [internal function]: Illuminate\Routing\Router->Illuminate\Routing\{closure}(Object(Illuminate\Http\Request))
#27 D:\phpStudy\WWW\o2o\vendor\laravel\framework\src\Illuminate\Pipeline\Pipeline.php(141): call_user_func(Object(Closure), Object(Illuminate\Http\Request))
#28 [internal function]: Illuminate\Pipeline\Pipeline->Illuminate\Pipeline\{closure}(Object(Illuminate\Http\Request))
#29 D:\phpStudy\WWW\o2o\vendor\laravel\framework\src\Illuminate\Pipeline\Pipeline.php(101): call_user_func(Object(Closure), Object(Illuminate\Http\Request))
#30 D:\phpStudy\WWW\o2o\vendor\laravel\framework\src\Illuminate\Routing\Router.php(703): Illuminate\Pipeline\Pipeline->then(Object(Closure))
#31 D:\phpStudy\WWW\o2o\vendor\laravel\framework\src\Illuminate\Routing\Router.php(670): Illuminate\Routing\Router->runRouteWithinStack(Object(Illuminate\Routing\Route), Object(Illuminate\Http\Request))
#32 D:\phpStudy\WWW\o2o\vendor\laravel\framework\src\Illuminate\Routing\Router.php(628): Illuminate\Routing\Router->dispatchToRoute(Object(Illuminate\Http\Request))
#33 D:\phpStudy\WWW\o2o\vendor\laravel\framework\src\Illuminate\Foundation\Http\Kernel.php(214): Illuminate\Routing\Router->dispatch(Object(Illuminate\Http\Request))
#34 [internal function]: Illuminate\Foundation\Http\Kernel->Illuminate\Foundation\Http\{closure}(Object(Illuminate\Http\Request))
#35 D:\phpStudy\WWW\o2o\vendor\laravel\framework\src\Illuminate\Pipeline\Pipeline.php(141): call_user_func(Object(Closure), Object(Illuminate\Http\Request))
#36 D:\phpStudy\WWW\o2o\vendor\laravel\framework\src\Illuminate\View\Middleware\ShareErrorsFromSession.php(55): Illuminate\Pipeline\Pipeline->Illuminate\Pipeline\{closure}(Object(Illuminate\Http\Request))
#37 D:\phpStudy\WWW\o2o\vendor\laravel\framework\src\Illuminate\Pipeline\Pipeline.php(125): Illuminate\View\Middleware\ShareErrorsFromSession->handle(Object(Illuminate\Http\Request), Object(Closure))
#38 D:\phpStudy\WWW\o2o\vendor\laravel\framework\src\Illuminate\Session\Middleware\StartSession.php(61): Illuminate\Pipeline\Pipeline->Illuminate\Pipeline\{closure}(Object(Illuminate\Http\Request))
#39 D:\phpStudy\WWW\o2o\vendor\laravel\framework\src\Illuminate\Pipeline\Pipeline.php(125): Illuminate\Session\Middleware\StartSession->handle(Object(Illuminate\Http\Request), Object(Closure))
#40 D:\phpStudy\WWW\o2o\vendor\laravel\framework\src\Illuminate\Cookie\Middleware\AddQueuedCookiesToResponse.php(36): Illuminate\Pipeline\Pipeline->Illuminate\Pipeline\{closure}(Object(Illuminate\Http\Request))
#41 D:\phpStudy\WWW\o2o\vendor\laravel\framework\src\Illuminate\Pipeline\Pipeline.php(125): Illuminate\Cookie\Middleware\AddQueuedCookiesToResponse->handle(Object(Illuminate\Http\Request), Object(Closure))
#42 D:\phpStudy\WWW\o2o\vendor\laravel\framework\src\Illuminate\Cookie\Middleware\EncryptCookies.php(40): Illuminate\Pipeline\Pipeline->Illuminate\Pipeline\{closure}(Object(Illuminate\Http\Request))
#43 D:\phpStudy\WWW\o2o\vendor\laravel\framework\src\Illuminate\Pipeline\Pipeline.php(125): Illuminate\Cookie\Middleware\EncryptCookies->handle(Object(Illuminate\Http\Request), Object(Closure))
#44 D:\phpStudy\WWW\o2o\vendor\laravel\framework\src\Illuminate\Foundation\Http\Middleware\CheckForMaintenanceMode.php(42): Illuminate\Pipeline\Pipeline->Illuminate\Pipeline\{closure}(Object(Illuminate\Http\Request))
#45 D:\phpStudy\WWW\o2o\vendor\laravel\framework\src\Illuminate\Pipeline\Pipeline.php(125): Illuminate\Foundation\Http\Middleware\CheckForMaintenanceMode->handle(Object(Illuminate\Http\Request), Object(Closure))
#46 [internal function]: Illuminate\Pipeline\Pipeline->Illuminate\Pipeline\{closure}(Object(Illuminate\Http\Request))
#47 D:\phpStudy\WWW\o2o\vendor\laravel\framework\src\Illuminate\Pipeline\Pipeline.php(101): call_user_func(Object(Closure), Object(Illuminate\Http\Request))
#48 D:\phpStudy\WWW\o2o\vendor\laravel\framework\src\Illuminate\Foundation\Http\Kernel.php(115): Illuminate\Pipeline\Pipeline->then(Object(Closure))
#49 D:\phpStudy\WWW\o2o\vendor\laravel\framework\src\Illuminate\Foundation\Http\Kernel.php(84): Illuminate\Foundation\Http\Kernel->sendRequestThroughRouter(Object(Illuminate\Http\Request))
#50 D:\phpStudy\WWW\o2o\public\index.php(53): Illuminate\Foundation\Http\Kernel->handle(Object(Illuminate\Http\Request))
#51 {main}  
[2017-06-20 10:05:09] local.ERROR: exception 'PDOException' with message 'SQLSTATE[42S02]: Base table or view not found: 1146 Table 'o2o.yz_user_tag' doesn't exist' in D:\phpStudy\WWW\o2o\vendor\laravel\framework\src\Illuminate\Database\Connection.php:292
Stack trace:
#0 D:\phpStudy\WWW\o2o\vendor\laravel\framework\src\Illuminate\Database\Connection.php(292): PDO->prepare('select * from `...')
#1 D:\phpStudy\WWW\o2o\vendor\laravel\framework\src\Illuminate\Database\Connection.php(616): Illuminate\Database\Connection->Illuminate\Database\{closure}(Object(Illuminate\Database\MySqlConnection), 'select * from `...', Array)
#2 D:\phpStudy\WWW\o2o\vendor\laravel\framework\src\Illuminate\Database\Connection.php(580): Illuminate\Database\Connection->runQueryCallback('select * from `...', Array, Object(Closure))
#3 D:\phpStudy\WWW\o2o\vendor\laravel\framework\src\Illuminate\Database\Connection.php(297): Illuminate\Database\Connection->run('select * from `...', Array, Object(Closure))
#4 D:\phpStudy\WWW\o2o\vendor\laravel\framework\src\Illuminate\Database\Query\Builder.php(1377): Illuminate\Database\Connection->select('select * from `...', Array, true)
#5 D:\phpStudy\WWW\o2o\vendor\laravel\framework\src\Illuminate\Database\Query\Builder.php(1367): Illuminate\Database\Query\Builder->runSelect()
#6 D:\phpStudy\WWW\o2o\vendor\laravel\framework\src\Illuminate\Database\Query\Builder.php(1354): Illuminate\Database\Query\Builder->getFresh(Array)
#7 D:\phpStudy\WWW\o2o\vendor\laravel\framework\src\Illuminate\Database\Eloquent\Builder.php(380): Illuminate\Database\Query\Builder->get(Array)
#8 D:\phpStudy\WWW\o2o\vendor\laravel\framework\src\Illuminate\Database\Eloquent\Builder.php(162): Illuminate\Database\Eloquent\Builder->getModels(Array)
#9 D:\phpStudy\WWW\o2o\app\Services\UserTagService.php(31): Illuminate\Database\Eloquent\Builder->get()
#10 D:\phpStudy\WWW\o2o\app\Http\Controllers\Api\System\V1\UserTagController.php(16): YiZan\Services\UserTagService::getList(NULL, NULL)
#11 D:\phpStudy\WWW\o2o\app\Http\Controllers\YiZanViewController.php(209): YiZan\Http\Controllers\Api\System\UserTagController->lists()
#12 D:\phpStudy\WWW\o2o\app\Http\Controllers\YiZanViewController.php(138): YiZan\Http\Controllers\YiZanViewController->localRequest('userTag.lists', Array)
#13 D:\phpStudy\WWW\o2o\app\Http\Controllers\Admin\BaseController.php(70): YiZan\Http\Controllers\YiZanViewController->requestApi('userTag.lists', Array, Array)
#14 D:\phpStudy\WWW\o2o\app\Http\Controllers\Admin\UserTagController.php(14): YiZan\Http\Controllers\Admin\BaseController->requestApi('userTag.lists', Array)
#15 [internal function]: YiZan\Http\Controllers\Admin\UserTagController->index()
#16 D:\phpStudy\WWW\o2o\vendor\laravel\framework\src\Illuminate\Routing\Controller.php(246): call_user_func_array(Array, Array)
#17 D:\phpStudy\WWW\o2o\vendor\laravel\framework\src\Illuminate\Routing\ControllerDispatcher.php(162): Illuminate\Routing\Controller->callAction('index', Array)
#18 D:\phpStudy\WWW\o2o\vendor\laravel\framework\src\Illuminate\Routing\ControllerDispatcher.php(107): Illuminate\Routing\ControllerDispatcher->call(Object(YiZan\Http\Controllers\Admin\UserTagController), Object(Illuminate\Routing\Route), 'index')
#19 [internal function]: Illuminate\Routing\ControllerDispatcher->Illuminate\Routing\{closure}(Object(Illuminate\Http\Request))
#20 D:\phpStudy\WWW\o2o\vendor\laravel\framework\src\Illuminate\Pipeline\Pipeline.php(141): call_user_func(Object(Closure), Object(Illuminate\Http\Request))
#21 [internal function]: Illuminate\Pipeline\Pipeline->Illuminate\Pipeline\{closure}(Object(Illuminate\Http\Request))
#22 D:\phpStudy\WWW\o2o\vendor\laravel\framework\src\Illuminate\Pipeline\Pipeline.php(101): call_user_func(Object(Closure), Object(Illuminate\Http\Request))
#23 D:\phpStudy\WWW\o2o\vendor\laravel\framework\src\Illuminate\Routing\ControllerDispatcher.php(108): Illuminate\Pipeline\Pipeline->then(Object(Closure))
#24 D:\phpStudy\WWW\o2o\vendor\laravel\framework\src\Illuminate\Routing\ControllerDispatcher.php(67): Illuminate\Routing\ControllerDispatcher->callWithinStack(Object(YiZan\Http\Controllers\Admin\UserTagController), Object(Illuminate\Routing\Route), Object(Illuminate\Http\Request), 'index')
#25 D:\phpStudy\WWW\o2o\vendor\laravel\framework\src\Illuminate\Routing\Route.php(204): Illuminate\Routing\ControllerDispatcher->dispatch(Object(Illuminate\Routing\Route), Object(Illuminate\Http\Request), 'YiZan\\Http\\Cont...', 'index')
#26 D:\phpStudy\WWW\o2o\vendor\laravel\framework\src\Illuminate\Routing\Route.php(134): Illuminate\Routing\Route->runWithCustomDispatcher(Object(Illuminate\Http\Request))
#27 D:\phpStudy\WWW\o2o\vendor\laravel\framework\src\Illuminate\Routing\Router.php(701): Illuminate\Routing\Route->run(Object(Illuminate\Http\Request))
#28 [internal function]: Illuminate\Routing\Router->Illuminate\Routing\{closure}(Object(Illuminate\Http\Request))
#29 D:\phpStudy\WWW\o2o\vendor\laravel\framework\src\Illuminate\Pipeline\Pipeline.php(141): call_user_func(Object(Closure), Object(Illuminate\Http\Request))
#30 [internal function]: Illuminate\Pipeline\Pipeline->Illuminate\Pipeline\{closure}(Object(Illuminate\Http\Request))
#31 D:\phpStudy\WWW\o2o\vendor\laravel\framework\src\Illuminate\Pipeline\Pipeline.php(101): call_user_func(Object(Closure), Object(Illuminate\Http\Request))
#32 D:\phpStudy\WWW\o2o\vendor\laravel\framework\src\Illuminate\Routing\Router.php(703): Illuminate\Pipeline\Pipeline->then(Object(Closure))
#33 D:\phpStudy\WWW\o2o\vendor\laravel\framework\src\Illuminate\Routing\Router.php(670): Illuminate\Routing\Router->runRouteWithinStack(Object(Illuminate\Routing\Route), Object(Illuminate\Http\Request))
#34 D:\phpStudy\WWW\o2o\vendor\laravel\framework\src\Illuminate\Routing\Router.php(628): Illuminate\Routing\Router->dispatchToRoute(Object(Illuminate\Http\Request))
#35 D:\phpStudy\WWW\o2o\vendor\laravel\framework\src\Illuminate\Foundation\Http\Kernel.php(214): Illuminate\Routing\Router->dispatch(Object(Illuminate\Http\Request))
#36 [internal function]: Illuminate\Foundation\Http\Kernel->Illuminate\Foundation\Http\{closure}(Object(Illuminate\Http\Request))
#37 D:\phpStudy\WWW\o2o\vendor\laravel\framework\src\Illuminate\Pipeline\Pipeline.php(141): call_user_func(Object(Closure), Object(Illuminate\Http\Request))
#38 D:\phpStudy\WWW\o2o\vendor\laravel\framework\src\Illuminate\View\Middleware\ShareErrorsFromSession.php(55): Illuminate\Pipeline\Pipeline->Illuminate\Pipeline\{closure}(Object(Illuminate\Http\Request))
#39 D:\phpStudy\WWW\o2o\vendor\laravel\framework\src\Illuminate\Pipeline\Pipeline.php(125): Illuminate\View\Middleware\ShareErrorsFromSession->handle(Object(Illuminate\Http\Request), Object(Closure))
#40 D:\phpStudy\WWW\o2o\vendor\laravel\framework\src\Illuminate\Session\Middleware\StartSession.php(61): Illuminate\Pipeline\Pipeline->Illuminate\Pipeline\{closure}(Object(Illuminate\Http\Request))
#41 D:\phpStudy\WWW\o2o\vendor\laravel\framework\src\Illuminate\Pipeline\Pipeline.php(125): Illuminate\Session\Middleware\StartSession->handle(Object(Illuminate\Http\Request), Object(Closure))
#42 D:\phpStudy\WWW\o2o\vendor\laravel\framework\src\Illuminate\Cookie\Middleware\AddQueuedCookiesToResponse.php(36): Illuminate\Pipeline\Pipeline->Illuminate\Pipeline\{closure}(Object(Illuminate\Http\Request))
#43 D:\phpStudy\WWW\o2o\vendor\laravel\framework\src\Illuminate\Pipeline\Pipeline.php(125): Illuminate\Cookie\Middleware\AddQueuedCookiesToResponse->handle(Object(Illuminate\Http\Request), Object(Closure))
#44 D:\phpStudy\WWW\o2o\vendor\laravel\framework\src\Illuminate\Cookie\Middleware\EncryptCookies.php(40): Illuminate\Pipeline\Pipeline->Illuminate\Pipeline\{closure}(Object(Illuminate\Http\Request))
#45 D:\phpStudy\WWW\o2o\vendor\laravel\framework\src\Illuminate\Pipeline\Pipeline.php(125): Illuminate\Cookie\Middleware\EncryptCookies->handle(Object(Illuminate\Http\Request), Object(Closure))
#46 D:\phpStudy\WWW\o2o\vendor\laravel\framework\src\Illuminate\Foundation\Http\Middleware\CheckForMaintenanceMode.php(42): Illuminate\Pipeline\Pipeline->Illuminate\Pipeline\{closure}(Object(Illuminate\Http\Request))
#47 D:\phpStudy\WWW\o2o\vendor\laravel\framework\src\Illuminate\Pipeline\Pipeline.php(125): Illuminate\Foundation\Http\Middleware\CheckForMaintenanceMode->handle(Object(Illuminate\Http\Request), Object(Closure))
#48 [internal function]: Illuminate\Pipeline\Pipeline->Illuminate\Pipeline\{closure}(Object(Illuminate\Http\Request))
#49 D:\phpStudy\WWW\o2o\vendor\laravel\framework\src\Illuminate\Pipeline\Pipeline.php(101): call_user_func(Object(Closure), Object(Illuminate\Http\Request))
#50 D:\phpStudy\WWW\o2o\vendor\laravel\framework\src\Illuminate\Foundation\Http\Kernel.php(115): Illuminate\Pipeline\Pipeline->then(Object(Closure))
#51 D:\phpStudy\WWW\o2o\vendor\laravel\framework\src\Illuminate\Foundation\Http\Kernel.php(84): Illuminate\Foundation\Http\Kernel->sendRequestThroughRouter(Object(Illuminate\Http\Request))
#52 D:\phpStudy\WWW\o2o\public\index.php(53): Illuminate\Foundation\Http\Kernel->handle(Object(Illuminate\Http\Request))
#53 {main}

Next exception 'Illuminate\Database\QueryException' with message 'SQLSTATE[42S02]: Base table or view not found: 1146 Table 'o2o.yz_user_tag' doesn't exist (SQL: select * from `yz_user_tag` order by `sort` asc, `id` desc)' in D:\phpStudy\WWW\o2o\vendor\laravel\framework\src\Illuminate\Database\Connection.php:624
Stack trace:
#0 D:\phpStudy\WWW\o2o\vendor\laravel\framework\src\Illuminate\Database\Connection.php(580): Illuminate\Database\Connection->runQueryCallback('select * from `...', Array, Object(Closure))
#1 D:\phpStudy\WWW\o2o\vendor\laravel\framework\src\Illuminate\Database\Connection.php(297): Illuminate\Database\Connection->run('select * from `...', Array, Object(Closure))
#2 D:\phpStudy\WWW\o2o\vendor\laravel\framework\src\Illuminate\Database\Query\Builder.php(1377): Illuminate\Database\Connection->select('select * from `...', Array, true)
#3 D:\phpStudy\WWW\o2o\vendor\laravel\framework\src\Illuminate\Database\Query\Builder.php(1367): Illuminate\Database\Query\Builder->runSelect()
#4 D:\phpStudy\WWW\o2o\vendor\laravel\framework\src\Illuminate\Database\Query\Builder.php(1354): Illuminate\Database\Query\Builder->getFresh(Array)
#5 D:\phpStudy\WWW\o2o\vendor\laravel\framework\src\Illuminate\Database\Eloquent\Builder.php(380): Illuminate\Database\Query\Builder->get(Array)
#6 D:\phpStudy\WWW\o2o\vendor\laravel\framework\src\Illuminate\Database\Eloquent\Builder.php(162): Illuminate\Database\Eloquent\Builder->getModels(Array)
#7 D:\phpStudy\WWW\o2o\app\Services\UserTagService.php(31): Illuminate\Database\Eloquent\Builder->get()
#8 D:\phpStudy\WWW\o2o\app\Http\Controllers\Api\System\V1\UserTagController.php(16): YiZan\Services\UserTagService::getList(NULL, NULL)
#9 D:\phpStudy\WWW\o2o\app\Http\Controllers\YiZanViewController.php(209): YiZan\Http\Controllers\Api\System\UserTagController->lists()
#10 D:\phpStudy\WWW\o2o\app\Http\Controllers\YiZanViewController.php(138): YiZan\Http\Controllers\YiZanViewController->localRequest('userTag.lists', Array)
#11 D:\phpStudy\WWW\o2o\app\Http\Controllers\Admin\BaseController.php(70): YiZan\Http\Controllers\YiZanViewController->requestApi('userTag.lists', Array, Array)
#12 D:\phpStudy\WWW\o2o\app\Http\Controllers\Admin\UserTagController.php(14): YiZan\Http\Controllers\Admin\BaseController->requestApi('userTag.lists', Array)
#13 [internal function]: YiZan\Http\Controllers\Admin\UserTagController->index()
#14 D:\phpStudy\WWW\o2o\vendor\laravel\framework\src\Illuminate\Routing\Controller.php(246): call_user_func_array(Array, Array)
#15 D:\phpStudy\WWW\o2o\vendor\laravel\framework\src\Illuminate\Routing\ControllerDispatcher.php(162): Illuminate\Routing\Controller->callAction('index', Array)
#16 D:\phpStudy\WWW\o2o\vendor\laravel\framework\src\Illuminate\Routing\ControllerDispatcher.php(107): Illuminate\Routing\ControllerDispatcher->call(Object(YiZan\Http\Controllers\Admin\UserTagController), Object(Illuminate\Routing\Route), 'index')
#17 [internal function]: Illuminate\Routing\ControllerDispatcher->Illuminate\Routing\{closure}(Object(Illuminate\Http\Request))
#18 D:\phpStudy\WWW\o2o\vendor\laravel\framework\src\Illuminate\Pipeline\Pipeline.php(141): call_user_func(Object(Closure), Object(Illuminate\Http\Request))
#19 [internal function]: Illuminate\Pipeline\Pipeline->Illuminate\Pipeline\{closure}(Object(Illuminate\Http\Request))
#20 D:\phpStudy\WWW\o2o\vendor\laravel\framework\src\Illuminate\Pipeline\Pipeline.php(101): call_user_func(Object(Closure), Object(Illuminate\Http\Request))
#21 D:\phpStudy\WWW\o2o\vendor\laravel\framework\src\Illuminate\Routing\ControllerDispatcher.php(108): Illuminate\Pipeline\Pipeline->then(Object(Closure))
#22 D:\phpStudy\WWW\o2o\vendor\laravel\framework\src\Illuminate\Routing\ControllerDispatcher.php(67): Illuminate\Routing\ControllerDispatcher->callWithinStack(Object(YiZan\Http\Controllers\Admin\UserTagController), Object(Illuminate\Routing\Route), Object(Illuminate\Http\Request), 'index')
#23 D:\phpStudy\WWW\o2o\vendor\laravel\framework\src\Illuminate\Routing\Route.php(204): Illuminate\Routing\ControllerDispatcher->dispatch(Object(Illuminate\Routing\Route), Object(Illuminate\Http\Request), 'YiZan\\Http\\Cont...', 'index')
#24 D:\phpStudy\WWW\o2o\vendor\laravel\framework\src\Illuminate\Routing\Route.php(134): Illuminate\Routing\Route->runWithCustomDispatcher(Object(Illuminate\Http\Request))
#25 D:\phpStudy\WWW\o2o\vendor\laravel\framework\src\Illuminate\Routing\Router.php(701): Illuminate\Routing\Route->run(Object(Illuminate\Http\Request))
#26 [internal function]: Illuminate\Routing\Router->Illuminate\Routing\{closure}(Object(Illuminate\Http\Request))
#27 D:\phpStudy\WWW\o2o\vendor\laravel\framework\src\Illuminate\Pipeline\Pipeline.php(141): call_user_func(Object(Closure), Object(Illuminate\Http\Request))
#28 [internal function]: Illuminate\Pipeline\Pipeline->Illuminate\Pipeline\{closure}(Object(Illuminate\Http\Request))
#29 D:\phpStudy\WWW\o2o\vendor\laravel\framework\src\Illuminate\Pipeline\Pipeline.php(101): call_user_func(Object(Closure), Object(Illuminate\Http\Request))
#30 D:\phpStudy\WWW\o2o\vendor\laravel\framework\src\Illuminate\Routing\Router.php(703): Illuminate\Pipeline\Pipeline->then(Object(Closure))
#31 D:\phpStudy\WWW\o2o\vendor\laravel\framework\src\Illuminate\Routing\Router.php(670): Illuminate\Routing\Router->runRouteWithinStack(Object(Illuminate\Routing\Route), Object(Illuminate\Http\Request))
#32 D:\phpStudy\WWW\o2o\vendor\laravel\framework\src\Illuminate\Routing\Router.php(628): Illuminate\Routing\Router->dispatchToRoute(Object(Illuminate\Http\Request))
#33 D:\phpStudy\WWW\o2o\vendor\laravel\framework\src\Illuminate\Foundation\Http\Kernel.php(214): Illuminate\Routing\Router->dispatch(Object(Illuminate\Http\Request))
#34 [internal function]: Illuminate\Foundation\Http\Kernel->Illuminate\Foundation\Http\{closure}(Object(Illuminate\Http\Request))
#35 D:\phpStudy\WWW\o2o\vendor\laravel\framework\src\Illuminate\Pipeline\Pipeline.php(141): call_user_func(Object(Closure), Object(Illuminate\Http\Request))
#36 D:\phpStudy\WWW\o2o\vendor\laravel\framework\src\Illuminate\View\Middleware\ShareErrorsFromSession.php(55): Illuminate\Pipeline\Pipeline->Illuminate\Pipeline\{closure}(Object(Illuminate\Http\Request))
#37 D:\phpStudy\WWW\o2o\vendor\laravel\framework\src\Illuminate\Pipeline\Pipeline.php(125): Illuminate\View\Middleware\ShareErrorsFromSession->handle(Object(Illuminate\Http\Request), Object(Closure))
#38 D:\phpStudy\WWW\o2o\vendor\laravel\framework\src\Illuminate\Session\Middleware\StartSession.php(61): Illuminate\Pipeline\Pipeline->Illuminate\Pipeline\{closure}(Object(Illuminate\Http\Request))
#39 D:\phpStudy\WWW\o2o\vendor\laravel\framework\src\Illuminate\Pipeline\Pipeline.php(125): Illuminate\Session\Middleware\StartSession->handle(Object(Illuminate\Http\Request), Object(Closure))
#40 D:\phpStudy\WWW\o2o\vendor\laravel\framework\src\Illuminate\Cookie\Middleware\AddQueuedCookiesToResponse.php(36): Illuminate\Pipeline\Pipeline->Illuminate\Pipeline\{closure}(Object(Illuminate\Http\Request))
#41 D:\phpStudy\WWW\o2o\vendor\laravel\framework\src\Illuminate\Pipeline\Pipeline.php(125): Illuminate\Cookie\Middleware\AddQueuedCookiesToResponse->handle(Object(Illuminate\Http\Request), Object(Closure))
#42 D:\phpStudy\WWW\o2o\vendor\laravel\framework\src\Illuminate\Cookie\Middleware\EncryptCookies.php(40): Illuminate\Pipeline\Pipeline->Illuminate\Pipeline\{closure}(Object(Illuminate\Http\Request))
#43 D:\phpStudy\WWW\o2o\vendor\laravel\framework\src\Illuminate\Pipeline\Pipeline.php(125): Illuminate\Cookie\Middleware\EncryptCookies->handle(Object(Illuminate\Http\Request), Object(Closure))
#44 D:\phpStudy\WWW\o2o\vendor\laravel\framework\src\Illuminate\Foundation\Http\Middleware\CheckForMaintenanceMode.php(42): Illuminate\Pipeline\Pipeline->Illuminate\Pipeline\{closure}(Object(Illuminate\Http\Request))
#45 D:\phpStudy\WWW\o2o\vendor\laravel\framework\src\Illuminate\Pipeline\Pipeline.php(125): Illuminate\Foundation\Http\Middleware\CheckForMaintenanceMode->handle(Object(Illuminate\Http\Request), Object(Closure))
#46 [internal function]: Illuminate\Pipeline\Pipeline->Illuminate\Pipeline\{closure}(Object(Illuminate\Http\Request))
#47 D:\phpStudy\WWW\o2o\vendor\laravel\framework\src\Illuminate\Pipeline\Pipeline.php(101): call_user_func(Object(Closure), Object(Illuminate\Http\Request))
#48 D:\phpStudy\WWW\o2o\vendor\laravel\framework\src\Illuminate\Foundation\Http\Kernel.php(115): Illuminate\Pipeline\Pipeline->then(Object(Closure))
#49 D:\phpStudy\WWW\o2o\vendor\laravel\framework\src\Illuminate\Foundation\Http\Kernel.php(84): Illuminate\Foundation\Http\Kernel->sendRequestThroughRouter(Object(Illuminate\Http\Request))
#50 D:\phpStudy\WWW\o2o\public\index.php(53): Illuminate\Foundation\Http\Kernel->handle(Object(Illuminate\Http\Request))
#51 {main}  
[2017-06-20 14:05:50] local.ERROR: exception 'ReflectionException' with message 'Class YiZan\Http\Controllers\Wap\IamgesController does not exist' in D:\phpStudy\WWW\o2o\vendor\laravel\framework\src\Illuminate\Container\Container.php:776
Stack trace:
#0 D:\phpStudy\WWW\o2o\vendor\laravel\framework\src\Illuminate\Container\Container.php(776): ReflectionClass->__construct('YiZan\\Http\\Cont...')
#1 D:\phpStudy\WWW\o2o\vendor\laravel\framework\src\Illuminate\Container\Container.php(656): Illuminate\Container\Container->build('YiZan\\Http\\Cont...', Array)
#2 D:\phpStudy\WWW\o2o\vendor\laravel\framework\src\Illuminate\Foundation\Application.php(644): Illuminate\Container\Container->make('YiZan\\Http\\Cont...', Array)
#3 D:\phpStudy\WWW\o2o\vendor\laravel\framework\src\Illuminate\Routing\ControllerDispatcher.php(83): Illuminate\Foundation\Application->make('YiZan\\Http\\Cont...')
#4 D:\phpStudy\WWW\o2o\vendor\laravel\framework\src\Illuminate\Routing\ControllerDispatcher.php(54): Illuminate\Routing\ControllerDispatcher->makeController('YiZan\\Http\\Cont...')
#5 D:\phpStudy\WWW\o2o\vendor\laravel\framework\src\Illuminate\Routing\Route.php(204): Illuminate\Routing\ControllerDispatcher->dispatch(Object(Illuminate\Routing\Route), Object(Illuminate\Http\Request), 'YiZan\\Http\\Cont...', 'callreg.png')
#6 D:\phpStudy\WWW\o2o\vendor\laravel\framework\src\Illuminate\Routing\Route.php(134): Illuminate\Routing\Route->runWithCustomDispatcher(Object(Illuminate\Http\Request))
#7 D:\phpStudy\WWW\o2o\vendor\laravel\framework\src\Illuminate\Routing\Router.php(701): Illuminate\Routing\Route->run(Object(Illuminate\Http\Request))
#8 [internal function]: Illuminate\Routing\Router->Illuminate\Routing\{closure}(Object(Illuminate\Http\Request))
#9 D:\phpStudy\WWW\o2o\vendor\laravel\framework\src\Illuminate\Pipeline\Pipeline.php(141): call_user_func(Object(Closure), Object(Illuminate\Http\Request))
#10 [internal function]: Illuminate\Pipeline\Pipeline->Illuminate\Pipeline\{closure}(Object(Illuminate\Http\Request))
#11 D:\phpStudy\WWW\o2o\vendor\laravel\framework\src\Illuminate\Pipeline\Pipeline.php(101): call_user_func(Object(Closure), Object(Illuminate\Http\Request))
#12 D:\phpStudy\WWW\o2o\vendor\laravel\framework\src\Illuminate\Routing\Router.php(703): Illuminate\Pipeline\Pipeline->then(Object(Closure))
#13 D:\phpStudy\WWW\o2o\vendor\laravel\framework\src\Illuminate\Routing\Router.php(670): Illuminate\Routing\Router->runRouteWithinStack(Object(Illuminate\Routing\Route), Object(Illuminate\Http\Request))
#14 D:\phpStudy\WWW\o2o\vendor\laravel\framework\src\Illuminate\Routing\Router.php(628): Illuminate\Routing\Router->dispatchToRoute(Object(Illuminate\Http\Request))
#15 D:\phpStudy\WWW\o2o\vendor\laravel\framework\src\Illuminate\Foundation\Http\Kernel.php(214): Illuminate\Routing\Router->dispatch(Object(Illuminate\Http\Request))
#16 [internal function]: Illuminate\Foundation\Http\Kernel->Illuminate\Foundation\Http\{closure}(Object(Illuminate\Http\Request))
#17 D:\phpStudy\WWW\o2o\vendor\laravel\framework\src\Illuminate\Pipeline\Pipeline.php(141): call_user_func(Object(Closure), Object(Illuminate\Http\Request))
#18 D:\phpStudy\WWW\o2o\vendor\laravel\framework\src\Illuminate\View\Middleware\ShareErrorsFromSession.php(55): Illuminate\Pipeline\Pipeline->Illuminate\Pipeline\{closure}(Object(Illuminate\Http\Request))
#19 D:\phpStudy\WWW\o2o\vendor\laravel\framework\src\Illuminate\Pipeline\Pipeline.php(125): Illuminate\View\Middleware\ShareErrorsFromSession->handle(Object(Illuminate\Http\Request), Object(Closure))
#20 D:\phpStudy\WWW\o2o\vendor\laravel\framework\src\Illuminate\Session\Middleware\StartSession.php(61): Illuminate\Pipeline\Pipeline->Illuminate\Pipeline\{closure}(Object(Illuminate\Http\Request))
#21 D:\phpStudy\WWW\o2o\vendor\laravel\framework\src\Illuminate\Pipeline\Pipeline.php(125): Illuminate\Session\Middleware\StartSession->handle(Object(Illuminate\Http\Request), Object(Closure))
#22 D:\phpStudy\WWW\o2o\vendor\laravel\framework\src\Illuminate\Cookie\Middleware\AddQueuedCookiesToResponse.php(36): Illuminate\Pipeline\Pipeline->Illuminate\Pipeline\{closure}(Object(Illuminate\Http\Request))
#23 D:\phpStudy\WWW\o2o\vendor\laravel\framework\src\Illuminate\Pipeline\Pipeline.php(125): Illuminate\Cookie\Middleware\AddQueuedCookiesToResponse->handle(Object(Illuminate\Http\Request), Object(Closure))
#24 D:\phpStudy\WWW\o2o\vendor\laravel\framework\src\Illuminate\Cookie\Middleware\EncryptCookies.php(40): Illuminate\Pipeline\Pipeline->Illuminate\Pipeline\{closure}(Object(Illuminate\Http\Request))
#25 D:\phpStudy\WWW\o2o\vendor\laravel\framework\src\Illuminate\Pipeline\Pipeline.php(125): Illuminate\Cookie\Middleware\EncryptCookies->handle(Object(Illuminate\Http\Request), Object(Closure))
#26 D:\phpStudy\WWW\o2o\vendor\laravel\framework\src\Illuminate\Foundation\Http\Middleware\CheckForMaintenanceMode.php(42): Illuminate\Pipeline\Pipeline->Illuminate\Pipeline\{closure}(Object(Illuminate\Http\Request))
#27 D:\phpStudy\WWW\o2o\vendor\laravel\framework\src\Illuminate\Pipeline\Pipeline.php(125): Illuminate\Foundation\Http\Middleware\CheckForMaintenanceMode->handle(Object(Illuminate\Http\Request), Object(Closure))
#28 [internal function]: Illuminate\Pipeline\Pipeline->Illuminate\Pipeline\{closure}(Object(Illuminate\Http\Request))
#29 D:\phpStudy\WWW\o2o\vendor\laravel\framework\src\Illuminate\Pipeline\Pipeline.php(101): call_user_func(Object(Closure), Object(Illuminate\Http\Request))
#30 D:\phpStudy\WWW\o2o\vendor\laravel\framework\src\Illuminate\Foundation\Http\Kernel.php(115): Illuminate\Pipeline\Pipeline->then(Object(Closure))
#31 D:\phpStudy\WWW\o2o\vendor\laravel\framework\src\Illuminate\Foundation\Http\Kernel.php(84): Illuminate\Foundation\Http\Kernel->sendRequestThroughRouter(Object(Illuminate\Http\Request))
#32 D:\phpStudy\WWW\o2o\public\index.php(53): Illuminate\Foundation\Http\Kernel->handle(Object(Illuminate\Http\Request))
#33 {main}  
