2017-06-06 09:12:33'1111111'
2017-06-06 09:12:33菜味来666   Activity/add
2017-06-06 09:12:33'1111111'
2017-06-06 09:12:33'1111111'
2017-06-06 09:12:33菜味来666   SellerWithdraw/getWithdrawMessage
2017-06-06 09:12:34'1111111'
2017-06-06 09:12:34菜味来123   SellerWithdraw/getWithdrawMessage
2017-06-06 09:12:34'1111111'
2017-06-06 09:12:34菜味来666   Activity/save_sale_activity
2017-06-06 09:12:55'1111111'
2017-06-06 09:12:55菜味来123   SellerWithdraw/getWithdrawMessage
2017-06-06 09:13:03菜味来666   SellerWithdraw/getWithdrawMessage
2017-06-06 09:13:04菜味来123   SellerWithdraw/getWithdrawMessage
2017-06-06 09:13:25菜味来123   SellerWithdraw/getWithdrawMessage
2017-06-06 09:13:33菜味来666   SellerWithdraw/getWithdrawMessage
2017-06-06 09:13:35菜味来123   SellerWithdraw/getWithdrawMessage
2017-06-06 09:13:55菜味来123   SellerWithdraw/getWithdrawMessage
2017-06-06 09:14:03菜味来666   SellerWithdraw/getWithdrawMessage
2017-06-06 09:14:05菜味来123   SellerWithdraw/getWithdrawMessage
2017-06-06 09:14:25菜味来123   SellerWithdraw/getWithdrawMessage
2017-06-06 09:14:33菜味来666   SellerWithdraw/getWithdrawMessage
2017-06-06 09:14:35菜味来123   SellerWithdraw/getWithdrawMessage
2017-06-06 09:14:55菜味来123   SellerWithdraw/getWithdrawMessage
2017-06-06 09:15:03菜味来666   SellerWithdraw/getWithdrawMessage
2017-06-06 09:15:05菜味来123   SellerWithdraw/getWithdrawMessage
2017-06-06 09:15:25菜味来123   SellerWithdraw/getWithdrawMessage
2017-06-06 09:15:33菜味来666   SellerWithdraw/getWithdrawMessage
2017-06-06 09:15:35菜味来123   SellerWithdraw/getWithdrawMessage
2017-06-06 09:15:54菜味来123   SellerWithdraw/getWithdrawMessage
2017-06-06 09:15:55菜味来123   Promotion/index
2017-06-06 09:15:55菜味来123   SellerWithdraw/getWithdrawMessage
2017-06-06 09:16:03菜味来666   SellerWithdraw/getWithdrawMessage
2017-06-06 09:16:05菜味来123   SellerWithdraw/getWithdrawMessage
2017-06-06 09:16:26菜味来123   SellerWithdraw/getWithdrawMessage
2017-06-06 09:16:33菜味来666   SellerWithdraw/getWithdrawMessage
2017-06-06 09:16:35菜味来123   SellerWithdraw/getWithdrawMessage
2017-06-06 09:16:56菜味来123   SellerWithdraw/getWithdrawMessage
2017-06-06 09:17:03菜味来666   SellerWithdraw/getWithdrawMessage
2017-06-06 09:17:05菜味来123   SellerWithdraw/getWithdrawMessage
2017-06-06 09:17:19菜味来666   Cache/index
2017-06-06 09:17:20菜味来666   SellerWithdraw/getWithdrawMessage
2017-06-06 09:17:20菜味来666   Cache/clear
2017-06-06 09:17:21菜味来666   Cache/local
2017-06-06 09:17:22菜味来666   Promotion/index
2017-06-06 09:17:23菜味来666   SellerWithdraw/getWithdrawMessage
2017-06-06 09:17:23菜味来666   Activity/index
2017-06-06 09:17:24菜味来666   SellerWithdraw/getWithdrawMessage
2017-06-06 09:17:25菜味来666   Activity/create
2017-06-06 09:17:25菜味来666   SellerWithdraw/getWithdrawMessage
2017-06-06 09:17:26菜味来666   Activity/add
2017-06-06 09:17:26菜味来666   SellerWithdraw/getWithdrawMessage
2017-06-06 09:17:26菜味来123   SellerWithdraw/getWithdrawMessage
2017-06-06 09:17:28'1111111'
2017-06-06 09:17:28菜味来666   Activity/save_sale_activity
2017-06-06 09:17:35'1111111'
2017-06-06 09:17:35菜味来123   SellerWithdraw/getWithdrawMessage
2017-06-06 09:17:56'1111111'
2017-06-06 09:17:56菜味来666   SellerWithdraw/getWithdrawMessage
2017-06-06 09:17:56'1111111'
2017-06-06 09:17:56菜味来123   SellerWithdraw/getWithdrawMessage
2017-06-06 09:18:05'1111111'
2017-06-06 09:18:05菜味来123   SellerWithdraw/getWithdrawMessage
2017-06-06 09:18:26'1111111'
2017-06-06 09:18:26菜味来666   SellerWithdraw/getWithdrawMessage
2017-06-06 09:18:26'1111111'
2017-06-06 09:18:26菜味来123   SellerWithdraw/getWithdrawMessage
2017-06-06 09:18:35'1111111'
2017-06-06 09:18:35菜味来123   SellerWithdraw/getWithdrawMessage
2017-06-06 09:18:56'1111111'
2017-06-06 09:18:56菜味来666   SellerWithdraw/getWithdrawMessage
2017-06-06 09:18:56'1111111'
2017-06-06 09:18:56菜味来123   SellerWithdraw/getWithdrawMessage
2017-06-06 09:19:05'1111111'
2017-06-06 09:19:05菜味来123   SellerWithdraw/getWithdrawMessage
2017-06-06 09:19:26'1111111'
2017-06-06 09:19:26菜味来666   SellerWithdraw/getWithdrawMessage
2017-06-06 09:19:26'1111111'
2017-06-06 09:19:26菜味来123   SellerWithdraw/getWithdrawMessage
2017-06-06 09:19:35'1111111'
2017-06-06 09:19:35菜味来123   SellerWithdraw/getWithdrawMessage
2017-06-06 09:19:56'1111111'
2017-06-06 09:19:56菜味来666   SellerWithdraw/getWithdrawMessage
2017-06-06 09:19:56'1111111'
2017-06-06 09:19:56菜味来123   SellerWithdraw/getWithdrawMessage
2017-06-06 09:20:05'1111111'
2017-06-06 09:20:05菜味来123   SellerWithdraw/getWithdrawMessage
2017-06-06 09:20:11'1111111'
2017-06-06 09:20:11菜味来123   Service/index
2017-06-06 09:20:12'1111111'
2017-06-06 09:20:12'1111111'
2017-06-06 09:20:12菜味来123   SellerWithdraw/getWithdrawMessage
2017-06-06 09:20:17'1111111'
2017-06-06 09:20:17菜味来123   Service/edit
2017-06-06 09:20:17'1111111'
2017-06-06 09:20:17'1111111'
2017-06-06 09:20:17菜味来123   SellerWithdraw/getWithdrawMessage
2017-06-06 09:20:26'1111111'
2017-06-06 09:20:26菜味来666   SellerWithdraw/getWithdrawMessage
2017-06-06 09:20:35'1111111'
2017-06-06 09:20:35菜味来123   SellerWithdraw/getWithdrawMessage
2017-06-06 09:20:47'1111111'
2017-06-06 09:20:47菜味来123   SellerWithdraw/getWithdrawMessage
2017-06-06 09:20:55'1111111'
2017-06-06 09:20:55菜味来123   Service/save
2017-06-06 09:20:56'1111111'
2017-06-06 09:20:56菜味来666   SellerWithdraw/getWithdrawMessage
2017-06-06 09:21:05'1111111'
2017-06-06 09:21:05菜味来123   SellerWithdraw/getWithdrawMessage
2017-06-06 09:21:26'1111111'
2017-06-06 09:21:26菜味来666   SellerWithdraw/getWithdrawMessage
2017-06-06 09:21:35'1111111'
2017-06-06 09:21:35菜味来123   SellerWithdraw/getWithdrawMessage
2017-06-06 09:21:56'1111111'
2017-06-06 09:21:56菜味来666   SellerWithdraw/getWithdrawMessage
2017-06-06 09:22:05'1111111'
2017-06-06 09:22:05菜味来123   SellerWithdraw/getWithdrawMessage
2017-06-06 09:22:26'1111111'
2017-06-06 09:22:26菜味来666   SellerWithdraw/getWithdrawMessage
2017-06-06 09:22:35'1111111'
2017-06-06 09:22:35菜味来123   SellerWithdraw/getWithdrawMessage
2017-06-06 09:22:56'1111111'
2017-06-06 09:22:56菜味来666   SellerWithdraw/getWithdrawMessage
2017-06-06 09:23:05'1111111'
2017-06-06 09:23:05菜味来123   SellerWithdraw/getWithdrawMessage
2017-06-06 09:23:26'1111111'
2017-06-06 09:23:26菜味来666   SellerWithdraw/getWithdrawMessage
2017-06-06 09:23:35'1111111'
2017-06-06 09:23:35菜味来123   SellerWithdraw/getWithdrawMessage
2017-06-06 09:23:56'1111111'
2017-06-06 09:23:56菜味来666   SellerWithdraw/getWithdrawMessage
2017-06-06 09:24:05'1111111'
2017-06-06 09:24:05菜味来123   SellerWithdraw/getWithdrawMessage
2017-06-06 09:24:26'1111111'
2017-06-06 09:24:26菜味来666   SellerWithdraw/getWithdrawMessage
2017-06-06 09:24:35'1111111'
2017-06-06 09:24:35菜味来123   SellerWithdraw/getWithdrawMessage
2017-06-06 09:24:56'1111111'
2017-06-06 09:24:56菜味来666   SellerWithdraw/getWithdrawMessage
2017-06-06 09:25:05'1111111'
2017-06-06 09:25:05菜味来123   SellerWithdraw/getWithdrawMessage
2017-06-06 09:25:26'1111111'
2017-06-06 09:25:26菜味来666   SellerWithdraw/getWithdrawMessage
2017-06-06 09:25:35'1111111'
2017-06-06 09:25:35菜味来123   SellerWithdraw/getWithdrawMessage
2017-06-06 09:25:56'1111111'
2017-06-06 09:25:56菜味来666   SellerWithdraw/getWithdrawMessage
2017-06-06 09:26:05'1111111'
2017-06-06 09:26:05菜味来123   SellerWithdraw/getWithdrawMessage
2017-06-06 13:32:36菜味来666   SellerWithdraw/getWithdrawMessage
2017-06-06 13:32:37菜味来666   SellerWithdraw/getWithdrawMessage
2017-06-06 13:32:41菜味来666   SellerWithdraw/getWithdrawMessage
2017-06-06 13:32:51菜味来123   SellerWithdraw/getWithdrawMessage
2017-06-06 13:32:52菜味来666   SellerWithdraw/getWithdrawMessage
2017-06-06 13:32:52菜味来666   SellerWithdraw/getWithdrawMessage
2017-06-06 13:32:57菜味来666   SellerWithdraw/getWithdrawMessage
2017-06-06 13:32:57菜味来666   SellerWithdraw/getWithdrawMessage
2017-06-06 13:33:00菜味来666   FinanceSupermarket/index
2017-06-06 13:33:00array (
  'name' => '金融超市设置',
  'show_menu' => 1,
  'navs' => 
  array (
    0 => 'sellergoods',
    1 => 'FinanceSupermarket',
  ),
)   FinanceSupermarket/index
2017-06-06 13:33:00菜味来666   SellerWithdraw/getWithdrawMessage
2017-06-06 13:33:00NULL   SellerWithdraw/getWithdrawMessage
2017-06-06 13:33:01菜味来123   SellerWithdraw/getWithdrawMessage
2017-06-06 13:33:01NULL   SellerWithdraw/getWithdrawMessage
2017-06-06 13:33:04菜味来666   FinanceSupermarket/update
2017-06-06 13:33:04NULL   FinanceSupermarket/update
2017-06-06 13:33:06菜味来666   SellerWithdraw/getWithdrawMessage
2017-06-06 13:33:06NULL   SellerWithdraw/getWithdrawMessage
2017-06-06 13:33:07菜味来666   SellerWithdraw/getWithdrawMessage
2017-06-06 13:33:07NULL   SellerWithdraw/getWithdrawMessage
2017-06-06 13:33:11菜味来666   SellerWithdraw/getWithdrawMessage
2017-06-06 13:33:11NULL   SellerWithdraw/getWithdrawMessage
2017-06-06 13:33:21菜味来123   SellerWithdraw/getWithdrawMessage
2017-06-06 13:33:21NULL   SellerWithdraw/getWithdrawMessage
2017-06-06 13:33:22菜味来666   SellerWithdraw/getWithdrawMessage
2017-06-06 13:33:22NULL   SellerWithdraw/getWithdrawMessage
2017-06-06 13:33:22菜味来666   SellerWithdraw/getWithdrawMessage
2017-06-06 13:33:22NULL   SellerWithdraw/getWithdrawMessage
2017-06-06 13:38:49菜味来666   FinanceSupermarket/index
2017-06-06 13:38:49菜味来666   array (
  'name' => '金融超市设置',
  'show_menu' => 1,
  'navs' => 
  array (
    0 => 'sellergoods',
    1 => 'FinanceSupermarket',
  ),
)
2017-06-06 13:38:49菜味来666   SellerWithdraw/getWithdrawMessage
2017-06-06 13:38:49菜味来666   array (
  'name' => '获取提现未处理条数',
  'navs' => 
  array (
    0 => 'finance',
  ),
)
2017-06-06 13:38:51菜味来123   SellerWithdraw/getWithdrawMessage
2017-06-06 13:38:51菜味来123   NULL
2017-06-06 13:38:51菜味来666   FinanceSupermarket/update
2017-06-06 13:38:51菜味来666   NULL
2017-06-06 13:38:52菜味来666   SellerWithdraw/getWithdrawMessage
2017-06-06 13:38:52菜味来666   array (
  'name' => '获取提现未处理条数',
  'navs' => 
  array (
    0 => 'finance',
  ),
)
2017-06-06 13:38:52菜味来666   SellerWithdraw/getWithdrawMessage
2017-06-06 13:38:52菜味来666   array (
  'name' => '获取提现未处理条数',
  'navs' => 
  array (
    0 => 'finance',
  ),
)
2017-06-06 13:38:57菜味来666   SellerWithdraw/getWithdrawMessage
2017-06-06 13:38:57菜味来666   array (
  'name' => '获取提现未处理条数',
  'navs' => 
  array (
    0 => 'finance',
  ),
)
